0 info it worked if it ends with ok
1 verbose cli [ 'node', '/usr/local/bin/npm', 'install', '-g', 'cordova' ]
2 info using npm@1.4.28
3 info using node@v0.10.34
4 verbose cache add [ 'cordova', null ]
5 verbose cache add name=undefined spec="cordova" args=["cordova",null]
6 verbose parsed url { protocol: null,
6 verbose parsed url   slashes: null,
6 verbose parsed url   auth: null,
6 verbose parsed url   host: null,
6 verbose parsed url   port: null,
6 verbose parsed url   hostname: null,
6 verbose parsed url   hash: null,
6 verbose parsed url   search: null,
6 verbose parsed url   query: null,
6 verbose parsed url   pathname: 'cordova',
6 verbose parsed url   path: 'cordova',
6 verbose parsed url   href: 'cordova' }
7 silly lockFile a98f2055-cordova cordova
8 verbose lock cordova /Users/qw/.npm/a98f2055-cordova.lock
9 silly lockFile a98f2055-cordova cordova
10 silly lockFile a98f2055-cordova cordova
11 verbose addNamed [ 'cordova', '' ]
12 verbose addNamed [ null, '*' ]
13 silly lockFile de8d9fad-cordova cordova@
14 verbose lock cordova@ /Users/qw/.npm/de8d9fad-cordova.lock
15 silly addNameRange { name: 'cordova', range: '*', hasData: false }
16 verbose request where is /cordova
17 verbose request registry https://registry.npmjs.org/
18 verbose request id ad125e89bfc1fe1a
19 verbose url raw /cordova
20 verbose url resolving [ 'https://registry.npmjs.org/', './cordova' ]
21 verbose url resolved https://registry.npmjs.org/cordova
22 verbose request where is https://registry.npmjs.org/cordova
23 info trying registry request attempt 1 at 18:45:37
24 http GET https://registry.npmjs.org/cordova
25 http 200 https://registry.npmjs.org/cordova
26 silly registry.get cb [ 200,
26 silly registry.get   { date: 'Tue, 23 Dec 2014 10:45:38 GMT',
26 silly registry.get     server: 'CouchDB/1.5.0 (Erlang OTP/R16B03)',
26 silly registry.get     etag: '"EJZ72G6HFJUQ739FUR7NSCSS1"',
26 silly registry.get     'content-type': 'application/json',
26 silly registry.get     'cache-control': 'max-age=60',
26 silly registry.get     'content-length': '333890',
26 silly registry.get     'accept-ranges': 'bytes',
26 silly registry.get     via: '1.1 varnish',
26 silly registry.get     age: '12',
26 silly registry.get     'x-served-by': 'cache-ty66-TYO',
26 silly registry.get     'x-cache': 'HIT',
26 silly registry.get     'x-cache-hits': '2',
26 silly registry.get     'x-timer': 'S1419331538.381065,VS0,VE0',
26 silly registry.get     vary: 'Accept',
26 silly registry.get     'keep-alive': 'timeout=10, max=50',
26 silly registry.get     connection: 'Keep-Alive' } ]
27 silly addNameRange number 2 { name: 'cordova', range: '*', hasData: true }
28 silly addNameRange versions [ 'cordova',
28 silly addNameRange   [ '0.0.1',
28 silly addNameRange     '0.0.2',
28 silly addNameRange     '0.0.3',
28 silly addNameRange     '0.0.4',
28 silly addNameRange     '0.0.5',
28 silly addNameRange     '0.0.6',
28 silly addNameRange     '0.0.7',
28 silly addNameRange     '0.0.8',
28 silly addNameRange     '0.0.9',
28 silly addNameRange     '0.1.0',
28 silly addNameRange     '0.1.1',
28 silly addNameRange     '0.1.2',
28 silly addNameRange     '0.1.3',
28 silly addNameRange     '0.1.4',
28 silly addNameRange     '0.1.5',
28 silly addNameRange     '0.1.6',
28 silly addNameRange     '0.1.7',
28 silly addNameRange     '0.1.8',
28 silly addNameRange     '0.1.9',
28 silly addNameRange     '0.1.10',
28 silly addNameRange     '0.1.11',
28 silly addNameRange     '0.1.12',
28 silly addNameRange     '0.1.13',
28 silly addNameRange     '0.1.14',
28 silly addNameRange     '2.2.0',
28 silly addNameRange     '2.3.0',
28 silly addNameRange     '2.3.1',
28 silly addNameRange     '2.3.2',
28 silly addNameRange     '2.3.3',
28 silly addNameRange     '2.3.5',
28 silly addNameRange     '2.3.6',
28 silly addNameRange     '2.4.0',
28 silly addNameRange     '2.4.1',
28 silly addNameRange     '2.4.2',
28 silly addNameRange     '2.4.3',
28 silly addNameRange     '2.4.4',
28 silly addNameRange     '2.4.5',
28 silly addNameRange     '2.4.6',
28 silly addNameRange     '2.4.7',
28 silly addNameRange     '2.4.8',
28 silly addNameRange     '2.4.9',
28 silly addNameRange     '2.4.10',
28 silly addNameRange     '2.5.0',
28 silly addNameRange     '2.5.2',
28 silly addNameRange     '2.5.3',
28 silly addNameRange     '2.5.4',
28 silly addNameRange     '2.5.5',
28 silly addNameRange     '2.6.0',
28 silly addNameRange     '2.6.1',
28 silly addNameRange     '2.6.2',
28 silly addNameRange     '2.7.0-rc.1',
28 silly addNameRange     '2.7.1-rc.1',
28 silly addNameRange     '2.7.2',
28 silly addNameRange     '2.7.3',
28 silly addNameRange     '2.7.4',
28 silly addNameRange     '2.8.0',
28 silly addNameRange     '2.8.1',
28 silly addNameRange     '2.8.2',
28 silly addNameRange     '2.8.3',
28 silly addNameRange     '2.8.4',
28 silly addNameRange     '2.8.5',
28 silly addNameRange     '2.8.6',
28 silly addNameRange     '2.8.7',
28 silly addNameRange     '2.8.8',
28 silly addNameRange     '2.8.9',
28 silly addNameRange     '2.8.10',
28 silly addNameRange     '2.8.11',
28 silly addNameRange     '2.8.12',
28 silly addNameRange     '2.8.13',
28 silly addNameRange     '2.8.14',
28 silly addNameRange     '2.8.15',
28 silly addNameRange     '2.8.16',
28 silly addNameRange     '2.8.17',
28 silly addNameRange     '2.8.18',
28 silly addNameRange     '2.8.19',
28 silly addNameRange     '2.8.20',
28 silly addNameRange     '2.8.21',
28 silly addNameRange     '2.8.22',
28 silly addNameRange     '2.8.23',
28 silly addNameRange     '2.8.24',
28 silly addNameRange     '2.8.25',
28 silly addNameRange     '2.9.0',
28 silly addNameRange     '2.9.1',
28 silly addNameRange     '2.9.2',
28 silly addNameRange     '2.9.3',
28 silly addNameRange     '2.9.4',
28 silly addNameRange     '2.9.5',
28 silly addNameRange     '2.9.6',
28 silly addNameRange     '2.9.7',
28 silly addNameRange     '3.0.0-rc1',
28 silly addNameRange     '3.0.0-rc1-1',
28 silly addNameRange     '3.0.0-rc1-3',
28 silly addNameRange     '3.0.0',
28 silly addNameRange     '3.0.1',
28 silly addNameRange     '3.0.2',
28 silly addNameRange     '3.0.3',
28 silly addNameRange     '3.0.4',
28 silly addNameRange     '3.0.5',
28 silly addNameRange     '3.0.6',
28 silly addNameRange     '3.0.7',
28 silly addNameRange     '3.0.8',
28 silly addNameRange     '3.0.9',
28 silly addNameRange     '3.0.10',
28 silly addNameRange     '3.1.0-0.1.0',
28 silly addNameRange     '3.1.0-0.2.0',
28 silly addNameRange     '3.2.0-rc.1',
28 silly addNameRange     '3.2.0-0.1.0',
28 silly addNameRange     '3.2.0-0.2.0',
28 silly addNameRange     '3.2.0-0.3.0',
28 silly addNameRange     '3.2.0-0.4.0',
28 silly addNameRange     '3.3.0-rc.1',
28 silly addNameRange     '3.3.0-0.1.1',
28 silly addNameRange     '3.3.1-0.1.2',
28 silly addNameRange     '2.9.0-rc1',
28 silly addNameRange     '3.3.1-0.3.0',
28 silly addNameRange     '3.3.1-0.3.1',
28 silly addNameRange     '3.3.1-0.4.1',
28 silly addNameRange     '3.3.1-0.4.2',
28 silly addNameRange     '3.4.0-0.1.0',
28 silly addNameRange     '3.4.0-0.1.1',
28 silly addNameRange     '3.4.0-0.1.2',
28 silly addNameRange     '3.4.0-0.1.3',
28 silly addNameRange     '0.0.0-fake',
28 silly addNameRange     '3.4.1-0.1.0',
28 silly addNameRange     '3.5.0-0.2.0',
28 silly addNameRange     '3.5.0-0.2.1',
28 silly addNameRange     '3.5.0-0.2.2',
28 silly addNameRange     '3.5.0-0.2.3',
28 silly addNameRange     '3.5.0-0.2.4',
28 silly addNameRange     '3.5.0-0.2.6',
28 silly addNameRange     '3.5.0-0.2.7',
28 silly addNameRange     '3.6.0-0.2.8',
28 silly addNameRange     '3.6.0-0.2.9',
28 silly addNameRange     '3.6.1-0.2.10',
28 silly addNameRange     '3.6.3-0.2.11',
28 silly addNameRange     '3.6.3-0.2.12',
28 silly addNameRange     '3.6.3-0.2.13',
28 silly addNameRange     '4.0.0',
28 silly addNameRange     '4.0.1',
28 silly addNameRange     '4.1.0',
28 silly addNameRange     '4.1.1',
28 silly addNameRange     '4.1.2',
28 silly addNameRange     '4.1.3-nightly.2014.10.21' ] ]
29 verbose addNamed [ 'cordova', '4.1.2' ]
30 verbose addNamed [ '4.1.2', '4.1.2' ]
31 silly lockFile d72081f6-cordova-4-1-2 cordova@4.1.2
32 verbose lock cordova@4.1.2 /Users/qw/.npm/d72081f6-cordova-4-1-2.lock
33 silly lockFile 69dcc1a4-js-org-cordova-cordova-4-1-2-tgz https://registry.npmjs.org/cordova/-/cordova-4.1.2.tgz
34 verbose lock https://registry.npmjs.org/cordova/-/cordova-4.1.2.tgz /Users/qw/.npm/69dcc1a4-js-org-cordova-cordova-4-1-2-tgz.lock
35 verbose addRemoteTarball [ 'https://registry.npmjs.org/cordova/-/cordova-4.1.2.tgz',
35 verbose addRemoteTarball   '68fae142997354777f77c0320229c3798cd496fd' ]
36 info retry fetch attempt 1 at 18:45:41
37 verbose fetch to= /var/folders/m5/mp798lhx5rs4x2jmq2vt7dsm0000gp/T/npm-6179-Is0ILak6/registry.npmjs.org/cordova/-/cordova-4.1.2.tgz
38 http GET https://registry.npmjs.org/cordova/-/cordova-4.1.2.tgz
39 http 200 https://registry.npmjs.org/cordova/-/cordova-4.1.2.tgz
40 silly lockFile 69dcc1a4-js-org-cordova-cordova-4-1-2-tgz https://registry.npmjs.org/cordova/-/cordova-4.1.2.tgz
41 silly lockFile 69dcc1a4-js-org-cordova-cordova-4-1-2-tgz https://registry.npmjs.org/cordova/-/cordova-4.1.2.tgz
42 silly lockFile d72081f6-cordova-4-1-2 cordova@4.1.2
43 silly lockFile d72081f6-cordova-4-1-2 cordova@4.1.2
44 silly lockFile de8d9fad-cordova cordova@
45 silly lockFile de8d9fad-cordova cordova@
46 silly resolved [ { name: 'cordova',
46 silly resolved     version: '4.1.2',
46 silly resolved     preferGlobal: 'true',
46 silly resolved     description: 'Cordova command line interface tool',
46 silly resolved     main: 'cordova',
46 silly resolved     engines: { node: '>=0.9.9' },
46 silly resolved     engineStrict: true,
46 silly resolved     bin: { cordova: './bin/cordova' },
46 silly resolved     scripts: { test: 'jasmine-node --captureExceptions --color spec' },
46 silly resolved     repository:
46 silly resolved      { type: 'git',
46 silly resolved        url: 'https://git-wip-us.apache.org/repos/asf/cordova-cli.git' },
46 silly resolved     bugs:
46 silly resolved      { url: 'https://issues.apache.org/jira/browse/CB',
46 silly resolved        email: 'dev@cordova.apache.org' },
46 silly resolved     keywords: [ 'cordova', 'client', 'cli' ],
46 silly resolved     dependencies:
46 silly resolved      { 'cordova-lib': '4.1.2',
46 silly resolved        q: '1.0.1',
46 silly resolved        nopt: '3.0.1',
46 silly resolved        underscore: '1.7.0' },
46 silly resolved     devDependencies: { 'jasmine-node': '1.14.5' },
46 silly resolved     author: { name: 'Anis Kadri' },
46 silly resolved     contributors:
46 silly resolved      [ [Object],
46 silly resolved        [Object],
46 silly resolved        [Object],
46 silly resolved        [Object],
46 silly resolved        [Object],
46 silly resolved        [Object],
46 silly resolved        [Object],
46 silly resolved        [Object],
46 silly resolved        [Object],
46 silly resolved        [Object],
46 silly resolved        [Object],
46 silly resolved        [Object],
46 silly resolved        [Object],
46 silly resolved        [Object],
46 silly resolved        [Object],
46 silly resolved        [Object],
46 silly resolved        [Object],
46 silly resolved        [Object],
46 silly resolved        [Object],
46 silly resolved        [Object],
46 silly resolved        [Object],
46 silly resolved        [Object],
46 silly resolved        [Object],
46 silly resolved        [Object] ],
46 silly resolved     license: 'Apache version 2.0',
46 silly resolved     _id: 'cordova@4.1.2',
46 silly resolved     dist:
46 silly resolved      { shasum: '68fae142997354777f77c0320229c3798cd496fd',
46 silly resolved        tarball: 'http://registry.npmjs.org/cordova/-/cordova-4.1.2.tgz' },
46 silly resolved     _resolved: 'https://registry.npmjs.org/cordova/-/cordova-4.1.2.tgz',
46 silly resolved     _from: 'cordova@',
46 silly resolved     _npmVersion: '1.4.3',
46 silly resolved     _npmUser: { name: 'kamrik', email: 'kamrik@gmail.com' },
46 silly resolved     maintainers:
46 silly resolved      [ [Object],
46 silly resolved        [Object],
46 silly resolved        [Object],
46 silly resolved        [Object],
46 silly resolved        [Object],
46 silly resolved        [Object],
46 silly resolved        [Object],
46 silly resolved        [Object],
46 silly resolved        [Object],
46 silly resolved        [Object],
46 silly resolved        [Object],
46 silly resolved        [Object],
46 silly resolved        [Object] ],
46 silly resolved     directories: {},
46 silly resolved     _shasum: '68fae142997354777f77c0320229c3798cd496fd' } ]
47 info install cordova@4.1.2 into /usr/local/lib
48 info installOne cordova@4.1.2
49 verbose lib/node_modules/cordova unbuild
50 verbose tar unpack /Users/qw/.npm/cordova/4.1.2/package.tgz
51 silly lockFile 9557e84b-r-local-lib-node-modules-cordova tar:///usr/local/lib/node_modules/cordova
52 verbose lock tar:///usr/local/lib/node_modules/cordova /Users/qw/.npm/9557e84b-r-local-lib-node-modules-cordova.lock
53 silly lockFile 994a5435-qw-npm-cordova-4-1-2-package-tgz tar:///Users/qw/.npm/cordova/4.1.2/package.tgz
54 verbose lock tar:///Users/qw/.npm/cordova/4.1.2/package.tgz /Users/qw/.npm/994a5435-qw-npm-cordova-4-1-2-package-tgz.lock
55 silly gunzTarPerm modes [ '755', '644' ]
56 error Error: EACCES, mkdir '/usr/local/lib/node_modules/cordova'
56 error  { [Error: EACCES, mkdir '/usr/local/lib/node_modules/cordova']
56 error   errno: 3,
56 error   code: 'EACCES',
56 error   path: '/usr/local/lib/node_modules/cordova',
56 error   fstream_type: 'Directory',
56 error   fstream_path: '/usr/local/lib/node_modules/cordova',
56 error   fstream_class: 'DirWriter',
56 error   fstream_stack:
56 error    [ '/usr/local/lib/node_modules/npm/node_modules/fstream/lib/dir-writer.js:36:23',
56 error      '/usr/local/lib/node_modules/npm/node_modules/mkdirp/index.js:46:53',
56 error      'Object.oncomplete (fs.js:108:15)' ] }
57 error Please try running this command again as root/Administrator.
58 error System Darwin 14.0.0
59 error command "node" "/usr/local/bin/npm" "install" "-g" "cordova"
60 error cwd /Users/qw/Sites/GaeaMobileAccount
61 error node -v v0.10.34
62 error npm -v 1.4.28
63 error path /usr/local/lib/node_modules/cordova
64 error fstream_path /usr/local/lib/node_modules/cordova
65 error fstream_type Directory
66 error fstream_class DirWriter
67 error code EACCES
68 error errno 3
69 error stack Error: EACCES, mkdir '/usr/local/lib/node_modules/cordova'
70 error fstream_stack /usr/local/lib/node_modules/npm/node_modules/fstream/lib/dir-writer.js:36:23
70 error fstream_stack /usr/local/lib/node_modules/npm/node_modules/mkdirp/index.js:46:53
70 error fstream_stack Object.oncomplete (fs.js:108:15)
71 verbose exit [ 3, true ]
